<?xml version="1.0" encoding="UTF-8"?>
<!-- Generated by org.testng.reporters.JUnitReportReporter -->
<testsuite hostname="DESKTOP-8I1SQ8L" failures="0" tests="1" name="driverFactory.TestScript" time="63.229" errors="0" timestamp="2024-08-31T22:40:56 IST" skipped="0">
  <testcase classname="driverFactory.TestScript" name="startTest" time="63.229"/>
  <system-out>
    <![CDATA[No of rows are::5
Add Supplier is Success:::Supplier-00000004914      Supplier-00000004914
Add Supplier is Success:::Supplier-00000004915      Supplier-00000004915
Add Supplier is Success:::Supplier-00000004916      Supplier-00000004916
Add Supplier is Success:::Supplier-00000004917      Supplier-00000004917
Add Supplier is Success:::Supplier-00000004918      Supplier-00000004918]]>
  </system-out>
</testsuite> <!-- driverFactory.TestScript -->
