<?xml version="1.0" encoding="UTF-8"?>
<!-- Generated by org.testng.reporters.JUnitReportReporter -->
<testsuite hostname="DESKTOP-8I1SQ8L" failures="0" tests="1" name="driverFactory.DriverScript" time="58.890" errors="0" timestamp="2024-09-01T13:32:48 IST" skipped="0">
  <testcase classname="driverFactory.DriverScript" name="startTest" time="58.890"/>
  <system-out>
    <![CDATA[No of rows are : 8
Login success::dashboard        http://webapp.qedgetech.com/dashboard.php
Incorrect user ID or password     dashboard        http://webapp.qedgetech.com/login.php
Login success::dashboard        http://webapp.qedgetech.com/dashboard.php
Incorrect user ID or password     dashboard        http://webapp.qedgetech.com/login.php
Login success::dashboard        http://webapp.qedgetech.com/dashboard.php
Incorrect user ID or password     dashboard        http://webapp.qedgetech.com/login.php
Incorrect user ID or password     dashboard        http://webapp.qedgetech.com/login.php
Login success::dashboard        http://webapp.qedgetech.com/dashboard.php]]>
  </system-out>
</testsuite> <!-- driverFactory.DriverScript -->
